<?xml version="1.0" encoding="UTF-8"?>
<!-- Generated by org.testng.reporters.JUnitReportReporter -->
<testsuite hostname="Forth-Mill" failures="0" tests="1" name="org.wipro.auto.uo.testcases.LoginScenario_Manish" time="7.817" errors="0" timestamp="2025-04-17T21:55:24 EDT" skipped="0">
  <testcase classname="org.wipro.auto.uo.testcases.LoginScenario_Manish" name="tc01_validate_valid_login_func" time="7.817"/>
  <system-out/>
</testsuite> <!-- org.wipro.auto.uo.testcases.LoginScenario_Manish -->
