<?xml version="1.0" encoding="UTF-8"?>
<!-- Generated by org.testng.reporters.JUnitReportReporter -->
<testsuite hostname="LAPTOP-RO9KQHG7" failures="0" tests="1" name="org.wipro.auto.uo.testcases.LoginScenario_Diallo_Warrior_test" time="2.539" errors="0" timestamp="2025-04-17T21:06:49 EDT" skipped="0">
  <testcase classname="org.wipro.auto.uo.testcases.LoginScenario_Diallo_Warrior_test" name="tc01_validate_valid_login_func" time="2.539"/>
  <system-out/>
</testsuite> <!-- org.wipro.auto.uo.testcases.LoginScenario_Diallo_Warrior_test -->
